-------------------------------------------------------------------------------
Test set: com.banking.main.BankApplication32ApplicationTests
-------------------------------------------------------------------------------
Tests run: 1, Failures: 0, Errors: 1, Skipped: 0, Time elapsed: 4.201 s <<< FAILURE! - in com.banking.main.BankApplication32ApplicationTests
contextLoads  Time elapsed: 0.016 s  <<< ERROR!
java.lang.IllegalStateException: Failed to load ApplicationContext for [WebMergedContextConfiguration@71734463 testClass = com.banking.main.BankApplication32ApplicationTests, locations = [], classes = [com.banking.main.BankApplication32Application], contextInitializerClasses = [], activeProfiles = [], propertySourceLocations = [], propertySourceProperties = ["org.springframework.boot.test.context.SpringBootTestContextBootstrapper=true"], contextCustomizers = [org.springframework.boot.test.context.filter.ExcludeFilterContextCustomizer@54a7079e, org.springframework.boot.test.json.DuplicateJsonObjectContextCustomizerFactory$DuplicateJsonObjectContextCustomizer@1b11171f, org.springframework.boot.test.mock.mockito.MockitoContextCustomizer@0, org.springframework.boot.test.web.client.TestRestTemplateContextCustomizer@2d52216b, org.springframework.boot.test.autoconfigure.actuate.observability.ObservabilityContextCustomizerFactory$DisableObservabilityContextCustomizer@9da1, org.springframework.boot.test.autoconfigure.properties.PropertyMappingContextCustomizer@0, org.springframework.boot.test.autoconfigure.web.servlet.WebDriverContextCustomizerFactory$Customizer@6574a52c, org.springframework.boot.test.context.SpringBootTestAnnotation@88aa156c], resourceBasePath = "src/main/webapp", contextLoader = org.springframework.boot.test.context.SpringBootContextLoader, parent = null]
Caused by: org.springframework.beans.factory.UnsatisfiedDependencyException: Error creating bean with name 'bankController' defined in file [C:\Users\Asus\Desktop\Advance java\BankApplication3-2\target\classes\com\banking\main\controller\BankController.class]: Unsatisfied dependency expressed through constructor parameter 0: Error creating bean with name 'bankServiceImpl' defined in file [C:\Users\Asus\Desktop\Advance java\BankApplication3-2\target\classes\com\banking\main\service\BankServiceImpl.class]: Unsatisfied dependency expressed through constructor parameter 0: Error creating bean with name 'bankRepository' defined in com.banking.main.repository.BankRepository defined in @EnableJpaRepositories declared on JpaRepositoriesRegistrar.EnableJpaRepositoriesConfiguration: Not a managed type: class com.banking.main.entity.UserDetails
Caused by: org.springframework.beans.factory.UnsatisfiedDependencyException: Error creating bean with name 'bankServiceImpl' defined in file [C:\Users\Asus\Desktop\Advance java\BankApplication3-2\target\classes\com\banking\main\service\BankServiceImpl.class]: Unsatisfied dependency expressed through constructor parameter 0: Error creating bean with name 'bankRepository' defined in com.banking.main.repository.BankRepository defined in @EnableJpaRepositories declared on JpaRepositoriesRegistrar.EnableJpaRepositoriesConfiguration: Not a managed type: class com.banking.main.entity.UserDetails
Caused by: org.springframework.beans.factory.BeanCreationException: Error creating bean with name 'bankRepository' defined in com.banking.main.repository.BankRepository defined in @EnableJpaRepositories declared on JpaRepositoriesRegistrar.EnableJpaRepositoriesConfiguration: Not a managed type: class com.banking.main.entity.UserDetails
Caused by: java.lang.IllegalArgumentException: Not a managed type: class com.banking.main.entity.UserDetails

